  EnhancedWeaponSystem.cpp
D:\code\vsstucode\Vampire Survivors New\EnhancedWeaponSystem.cpp(1,1): warning C4819: 该文件包含不能在当前代码页(936)中表示的字符。请将该文件保存为 Unicode 格式以防止数据丢失
D:\code\vsstucode\Vampire Survivors New\EnhancedWeaponSystem.h(1,1): warning C4819: 该文件包含不能在当前代码页(936)中表示的字符。请将该文件保存为 Unicode 格式以防止数据丢失
  (编译源文件“EnhancedWeaponSystem.cpp”)
  
D:\code\vsstucode\Vampire Survivors New\Player.h(1,1): warning C4819: 该文件包含不能在当前代码页(936)中表示的字符。请将该文件保存为 Unicode 格式以防止数据丢失
  (编译源文件“EnhancedWeaponSystem.cpp”)
  
D:\code\vsstucode\Vampire Survivors New\Enemy.h(1,1): warning C4819: 该文件包含不能在当前代码页(936)中表示的字符。请将该文件保存为 Unicode 格式以防止数据丢失
  (编译源文件“EnhancedWeaponSystem.cpp”)
  
D:\code\vsstucode\Vampire Survivors New\ImageManager.h(1,1): warning C4819: 该文件包含不能在当前代码页(936)中表示的字符。请将该文件保存为 Unicode 格式以防止数据丢失
  (编译源文件“EnhancedWeaponSystem.cpp”)
  
D:\code\vsstucode\Vampire Survivors New\EnhancedWeaponSystem.cpp(193,50): warning C4244: “参数”: 从“float”转换到“int”，可能丢失数据
D:\vs2022\VC\Tools\MSVC\14.42.34433\include\memory(3597,56): warning C4244: “参数”: 从“_Ty”转换到“float”，可能丢失数据
D:\vs2022\VC\Tools\MSVC\14.42.34433\include\memory(3597,56): warning C4244:         with
D:\vs2022\VC\Tools\MSVC\14.42.34433\include\memory(3597,56): warning C4244:         [
D:\vs2022\VC\Tools\MSVC\14.42.34433\include\memory(3597,56): warning C4244:             _Ty=int
D:\vs2022\VC\Tools\MSVC\14.42.34433\include\memory(3597,56): warning C4244:         ]
  (编译源文件“EnhancedWeaponSystem.cpp”)
      D:\vs2022\VC\Tools\MSVC\14.42.34433\include\memory(3597,56):
      模板实例化上下文(最早的实例化上下文)为
          D:\code\vsstucode\Vampire Survivors New\EnhancedWeaponSystem.cpp(175,31):
          查看对正在编译的函数 模板 实例化“std::unique_ptr<SwordAura,std::default_delete<SwordAura>> std::make_unique<SwordAura,Vector2&,Player*&,Vector2&,int,0>(Vector2 &,Player *&,Vector2 &,int &&)”的引用
  
  ImageManager.cpp
D:\code\vsstucode\Vampire Survivors New\ImageManager.cpp(1,1): warning C4819: 该文件包含不能在当前代码页(936)中表示的字符。请将该文件保存为 Unicode 格式以防止数据丢失
D:\code\vsstucode\Vampire Survivors New\ImageManager.h(1,1): warning C4819: 该文件包含不能在当前代码页(936)中表示的字符。请将该文件保存为 Unicode 格式以防止数据丢失
  (编译源文件“ImageManager.cpp”)
  
  Player.cpp
D:\code\vsstucode\Vampire Survivors New\Player.cpp(1,1): warning C4819: 该文件包含不能在当前代码页(936)中表示的字符。请将该文件保存为 Unicode 格式以防止数据丢失
D:\code\vsstucode\Vampire Survivors New\Player.h(1,1): warning C4819: 该文件包含不能在当前代码页(936)中表示的字符。请将该文件保存为 Unicode 格式以防止数据丢失
  (编译源文件“Player.cpp”)
  
D:\code\vsstucode\Vampire Survivors New\ImageManager.h(1,1): warning C4819: 该文件包含不能在当前代码页(936)中表示的字符。请将该文件保存为 Unicode 格式以防止数据丢失
  (编译源文件“Player.cpp”)
  
  SurvivorGame.cpp
D:\code\vsstucode\Vampire Survivors New\SurvivorGame.cpp(1,1): warning C4819: 该文件包含不能在当前代码页(936)中表示的字符。请将该文件保存为 Unicode 格式以防止数据丢失
D:\code\vsstucode\Vampire Survivors New\Player.h(1,1): warning C4819: 该文件包含不能在当前代码页(936)中表示的字符。请将该文件保存为 Unicode 格式以防止数据丢失
  (编译源文件“SurvivorGame.cpp”)
  
D:\code\vsstucode\Vampire Survivors New\Enemy.h(1,1): warning C4819: 该文件包含不能在当前代码页(936)中表示的字符。请将该文件保存为 Unicode 格式以防止数据丢失
  (编译源文件“SurvivorGame.cpp”)
  
D:\code\vsstucode\Vampire Survivors New\EnemySpawner.h(1,1): warning C4819: 该文件包含不能在当前代码页(936)中表示的字符。请将该文件保存为 Unicode 格式以防止数据丢失
  (编译源文件“SurvivorGame.cpp”)
  
D:\code\vsstucode\Vampire Survivors New\EnhancedWeaponSystem.h(1,1): warning C4819: 该文件包含不能在当前代码页(936)中表示的字符。请将该文件保存为 Unicode 格式以防止数据丢失
  (编译源文件“SurvivorGame.cpp”)
  
D:\code\vsstucode\Vampire Survivors New\ImageManager.h(1,1): warning C4819: 该文件包含不能在当前代码页(936)中表示的字符。请将该文件保存为 Unicode 格式以防止数据丢失
  (编译源文件“SurvivorGame.cpp”)
  
  main.cpp
D:\code\vsstucode\Vampire Survivors New\Player.h(1,1): warning C4819: 该文件包含不能在当前代码页(936)中表示的字符。请将该文件保存为 Unicode 格式以防止数据丢失
  (编译源文件“main.cpp”)
  
D:\code\vsstucode\Vampire Survivors New\Enemy.h(1,1): warning C4819: 该文件包含不能在当前代码页(936)中表示的字符。请将该文件保存为 Unicode 格式以防止数据丢失
  (编译源文件“main.cpp”)
  
D:\code\vsstucode\Vampire Survivors New\EnemySpawner.h(1,1): warning C4819: 该文件包含不能在当前代码页(936)中表示的字符。请将该文件保存为 Unicode 格式以防止数据丢失
  (编译源文件“main.cpp”)
  
D:\code\vsstucode\Vampire Survivors New\EnhancedWeaponSystem.h(1,1): warning C4819: 该文件包含不能在当前代码页(936)中表示的字符。请将该文件保存为 Unicode 格式以防止数据丢失
  (编译源文件“main.cpp”)
  
  正在生成代码...
  LINK : 没有找到 D:\code\vsstucode\Vampire Survivors New\x64\Debug\Vampire Survivors New.exe 或上一个增量链接没有生成它；正在执行完全链接
  Vampire Survivors New.vcxproj -> D:\code\vsstucode\Vampire Survivors New\x64\Debug\Vampire Survivors New.exe
